#
# There is insufficient memory for the Java Runtime Environment to continue.
# Native memory allocation (mmap) failed to map 7158628352 bytes for committing reserved memory.
# Possible reasons:
#   The system is out of physical RAM or swap space
#   In 32 bit mode, the process size limit was hit
# Possible solutions:
#   Reduce memory load on the system
#   Increase physical memory or swap space
#   Check if swap backing store is full
#   Use 64 bit Java on a 64 bit OS
#   Decrease Java heap size (-Xmx/-Xms)
#   Decrease number of Java threads
#   Decrease Java thread stack sizes (-Xss)
#   Set larger code cache with -XX:ReservedCodeCacheSize=
# This output file may be truncated or incomplete.
#
#  Out of Memory Error (os_linux.cpp:2627), pid=18657, tid=0x00007f1b70ccf700
#
# JRE version:  (8.0_121-b13) (build )
# Java VM: Java HotSpot(TM) 64-Bit Server VM (25.121-b13 mixed mode linux-amd64 compressed oops)
# Failed to write core dump. Core dumps have been disabled. To enable core dumping, try "ulimit -c unlimited" before starting Java again
#

---------------  T H R E A D  ---------------

Current thread (0x00007f1b68009800):  JavaThread "Unknown thread" [_thread_in_vm, id=18658, stack(0x00007f1b70bcf000,0x00007f1b70cd0000)]

Stack: [0x00007f1b70bcf000,0x00007f1b70cd0000],  sp=0x00007f1b70cce3c0,  free space=1020k
Native frames: (J=compiled Java code, j=interpreted, Vv=VM code, C=native code)
V  [libjvm.so+0xac703a]  VMError::report_and_die()+0x2ba
V  [libjvm.so+0x4fc7eb]  report_vm_out_of_memory(char const*, int, unsigned long, VMErrorType, char const*)+0x8b
V  [libjvm.so+0x923c43]  os::Linux::commit_memory_impl(char*, unsigned long, bool)+0x103
V  [libjvm.so+0x924199]  os::pd_commit_memory(char*, unsigned long, unsigned long, bool)+0x29
V  [libjvm.so+0x91e4aa]  os::commit_memory(char*, unsigned long, unsigned long, bool)+0x2a
V  [libjvm.so+0x992f03]  PSVirtualSpace::expand_by(unsigned long)+0x53
V  [libjvm.so+0x983017]  PSOldGen::initialize(ReservedSpace, unsigned long, char const*, int)+0xb7
V  [libjvm.so+0x2d89aa]  AdjoiningGenerations::AdjoiningGenerations(ReservedSpace, GenerationSizer*, unsigned long)+0x39a
V  [libjvm.so+0x9472d6]  ParallelScavengeHeap::initialize()+0x1d6
V  [libjvm.so+0xa8eff3]  Universe::initialize_heap()+0xf3
V  [libjvm.so+0xa8f55e]  universe_init()+0x3e
V  [libjvm.so+0x63d4f5]  init_globals()+0x65
V  [libjvm.so+0xa72c4e]  Threads::create_vm(JavaVMInitArgs*, bool*)+0x23e
V  [libjvm.so+0x6d1d94]  JNI_CreateJavaVM+0x74
C  [libjli.so+0x745e]  JavaMain+0x9e
C  [libpthread.so.0+0x8064]  start_thread+0xc4


---------------  P R O C E S S  ---------------

Java Threads: ( => current thread )

Other Threads:

=>0x00007f1b68009800 (exited) JavaThread "Unknown thread" [_thread_in_vm, id=18658, stack(0x00007f1b70bcf000,0x00007f1b70cd0000)]

VM state:not at safepoint (not fully initialized)

VM Mutex/Monitor currently owned by a thread: None

GC Heap History (0 events):
No events

Deoptimization events (0 events):
No events

Internal exceptions (0 events):
No events

Events (0 events):
No events


Dynamic libraries:
00400000-00401000 r-xp 00000000 08:01 530321                             /usr/lib/jvm/java-8-oracle/jre/bin/java
00600000-00601000 rw-p 00000000 08:01 530321                             /usr/lib/jvm/java-8-oracle/jre/bin/java
01dce000-01def000 rw-p 00000000 00:00 0                                  [heap]
6eab00000-7c0000000 rw-p 00000000 00:00 0 
7f1b59000000-7f1b59270000 rwxp 00000000 00:00 0 
7f1b59270000-7f1b68000000 ---p 00000000 00:00 0 
7f1b68000000-7f1b68032000 rw-p 00000000 00:00 0 
7f1b68032000-7f1b6c000000 ---p 00000000 00:00 0 
7f1b6c30e000-7f1b6c595000 rw-p 00000000 00:00 0 
7f1b6c595000-7f1b6d2ea000 ---p 00000000 00:00 0 
7f1b6d2ea000-7f1b6d9a0000 rw-p 00000000 00:00 0 
7f1b6d9a0000-7f1b6dd56000 ---p 00000000 00:00 0 
7f1b6dd56000-7f1b6dd70000 r-xp 00000000 08:01 529442                     /usr/lib/jvm/java-8-oracle/jre/lib/amd64/libzip.so
7f1b6dd70000-7f1b6df70000 ---p 0001a000 08:01 529442                     /usr/lib/jvm/java-8-oracle/jre/lib/amd64/libzip.so
7f1b6df70000-7f1b6df71000 rw-p 0001a000 08:01 529442                     /usr/lib/jvm/java-8-oracle/jre/lib/amd64/libzip.so
7f1b6df71000-7f1b6df7c000 r-xp 00000000 08:01 267494                     /lib/x86_64-linux-gnu/libnss_files-2.19.so
7f1b6df7c000-7f1b6e17b000 ---p 0000b000 08:01 267494                     /lib/x86_64-linux-gnu/libnss_files-2.19.so
7f1b6e17b000-7f1b6e17c000 r--p 0000a000 08:01 267494                     /lib/x86_64-linux-gnu/libnss_files-2.19.so
7f1b6e17c000-7f1b6e17d000 rw-p 0000b000 08:01 267494                     /lib/x86_64-linux-gnu/libnss_files-2.19.so
7f1b6e17d000-7f1b6e187000 r-xp 00000000 08:01 267496                     /lib/x86_64-linux-gnu/libnss_nis-2.19.so
7f1b6e187000-7f1b6e386000 ---p 0000a000 08:01 267496                     /lib/x86_64-linux-gnu/libnss_nis-2.19.so
7f1b6e386000-7f1b6e387000 r--p 00009000 08:01 267496                     /lib/x86_64-linux-gnu/libnss_nis-2.19.so
7f1b6e387000-7f1b6e388000 rw-p 0000a000 08:01 267496                     /lib/x86_64-linux-gnu/libnss_nis-2.19.so
7f1b6e388000-7f1b6e39d000 r-xp 00000000 08:01 267491                     /lib/x86_64-linux-gnu/libnsl-2.19.so
7f1b6e39d000-7f1b6e59c000 ---p 00015000 08:01 267491                     /lib/x86_64-linux-gnu/libnsl-2.19.so
7f1b6e59c000-7f1b6e59d000 r--p 00014000 08:01 267491                     /lib/x86_64-linux-gnu/libnsl-2.19.so
7f1b6e59d000-7f1b6e59e000 rw-p 00015000 08:01 267491                     /lib/x86_64-linux-gnu/libnsl-2.19.so
7f1b6e59e000-7f1b6e5a0000 rw-p 00000000 00:00 0 
7f1b6e5a0000-7f1b6e5a7000 r-xp 00000000 08:01 267492                     /lib/x86_64-linux-gnu/libnss_compat-2.19.so
7f1b6e5a7000-7f1b6e7a6000 ---p 00007000 08:01 267492                     /lib/x86_64-linux-gnu/libnss_compat-2.19.so
7f1b6e7a6000-7f1b6e7a7000 r--p 00006000 08:01 267492                     /lib/x86_64-linux-gnu/libnss_compat-2.19.so
7f1b6e7a7000-7f1b6e7a8000 rw-p 00007000 08:01 267492                     /lib/x86_64-linux-gnu/libnss_compat-2.19.so
7f1b6e7a8000-7f1b6e7d3000 r-xp 00000000 08:01 529469                     /usr/lib/jvm/java-8-oracle/jre/lib/amd64/libjava.so
7f1b6e7d3000-7f1b6e9d2000 ---p 0002b000 08:01 529469                     /usr/lib/jvm/java-8-oracle/jre/lib/amd64/libjava.so
7f1b6e9d2000-7f1b6e9d4000 rw-p 0002a000 08:01 529469                     /usr/lib/jvm/java-8-oracle/jre/lib/amd64/libjava.so
7f1b6e9d4000-7f1b6e9e1000 r-xp 00000000 08:01 529420                     /usr/lib/jvm/java-8-oracle/jre/lib/amd64/libverify.so
7f1b6e9e1000-7f1b6ebe0000 ---p 0000d000 08:01 529420                     /usr/lib/jvm/java-8-oracle/jre/lib/amd64/libverify.so
7f1b6ebe0000-7f1b6ebe2000 rw-p 0000c000 08:01 529420                     /usr/lib/jvm/java-8-oracle/jre/lib/amd64/libverify.so
7f1b6ebe2000-7f1b6ebe9000 r-xp 00000000 08:01 267500                     /lib/x86_64-linux-gnu/librt-2.19.so
7f1b6ebe9000-7f1b6ede8000 ---p 00007000 08:01 267500                     /lib/x86_64-linux-gnu/librt-2.19.so
7f1b6ede8000-7f1b6ede9000 r--p 00006000 08:01 267500                     /lib/x86_64-linux-gnu/librt-2.19.so
7f1b6ede9000-7f1b6edea000 rw-p 00007000 08:01 267500                     /lib/x86_64-linux-gnu/librt-2.19.so
7f1b6edea000-7f1b6eeea000 r-xp 00000000 08:01 267489                     /lib/x86_64-linux-gnu/libm-2.19.so
7f1b6eeea000-7f1b6f0e9000 ---p 00100000 08:01 267489                     /lib/x86_64-linux-gnu/libm-2.19.so
7f1b6f0e9000-7f1b6f0ea000 r--p 000ff000 08:01 267489                     /lib/x86_64-linux-gnu/libm-2.19.so
7f1b6f0ea000-7f1b6f0eb000 rw-p 00100000 08:01 267489                     /lib/x86_64-linux-gnu/libm-2.19.so
7f1b6f0eb000-7f1b6fdb9000 r-xp 00000000 08:01 529473                     /usr/lib/jvm/java-8-oracle/jre/lib/amd64/server/libjvm.so
7f1b6fdb9000-7f1b6ffb9000 ---p 00cce000 08:01 529473                     /usr/lib/jvm/java-8-oracle/jre/lib/amd64/server/libjvm.so
7f1b6ffb9000-7f1b70092000 rw-p 00cce000 08:01 529473                     /usr/lib/jvm/java-8-oracle/jre/lib/amd64/server/libjvm.so
7f1b70092000-7f1b700dd000 rw-p 00000000 00:00 0 
7f1b700dd000-7f1b7027e000 r-xp 00000000 08:01 267485                     /lib/x86_64-linux-gnu/libc-2.19.so
7f1b7027e000-7f1b7047e000 ---p 001a1000 08:01 267485                     /lib/x86_64-linux-gnu/libc-2.19.so
7f1b7047e000-7f1b70482000 r--p 001a1000 08:01 267485                     /lib/x86_64-linux-gnu/libc-2.19.so
7f1b70482000-7f1b70484000 rw-p 001a5000 08:01 267485                     /lib/x86_64-linux-gnu/libc-2.19.so
7f1b70484000-7f1b70488000 rw-p 00000000 00:00 0 
7f1b70488000-7f1b7048b000 r-xp 00000000 08:01 267488                     /lib/x86_64-linux-gnu/libdl-2.19.so
7f1b7048b000-7f1b7068a000 ---p 00003000 08:01 267488                     /lib/x86_64-linux-gnu/libdl-2.19.so
7f1b7068a000-7f1b7068b000 r--p 00002000 08:01 267488                     /lib/x86_64-linux-gnu/libdl-2.19.so
7f1b7068b000-7f1b7068c000 rw-p 00003000 08:01 267488                     /lib/x86_64-linux-gnu/libdl-2.19.so
7f1b7068c000-7f1b706a1000 r-xp 00000000 08:01 529458                     /usr/lib/jvm/java-8-oracle/jre/lib/amd64/jli/libjli.so
7f1b706a1000-7f1b708a1000 ---p 00015000 08:01 529458                     /usr/lib/jvm/java-8-oracle/jre/lib/amd64/jli/libjli.so
7f1b708a1000-7f1b708a2000 rw-p 00015000 08:01 529458                     /usr/lib/jvm/java-8-oracle/jre/lib/amd64/jli/libjli.so
7f1b708a2000-7f1b708ba000 r-xp 00000000 08:01 267481                     /lib/x86_64-linux-gnu/libpthread-2.19.so
7f1b708ba000-7f1b70ab9000 ---p 00018000 08:01 267481                     /lib/x86_64-linux-gnu/libpthread-2.19.so
7f1b70ab9000-7f1b70aba000 r--p 00017000 08:01 267481                     /lib/x86_64-linux-gnu/libpthread-2.19.so
7f1b70aba000-7f1b70abb000 rw-p 00018000 08:01 267481                     /lib/x86_64-linux-gnu/libpthread-2.19.so
7f1b70abb000-7f1b70abf000 rw-p 00000000 00:00 0 
7f1b70abf000-7f1b70adf000 r-xp 00000000 08:01 267482                     /lib/x86_64-linux-gnu/ld-2.19.so
7f1b70bc7000-7f1b70bcf000 rw-s 00000000 08:01 2056                       /tmp/hsperfdata_melhadramy/18657
7f1b70bcf000-7f1b70bd2000 ---p 00000000 00:00 0 
7f1b70bd2000-7f1b70cd4000 rw-p 00000000 00:00 0                          [stack:18658]
7f1b70cd8000-7f1b70cdc000 rw-p 00000000 00:00 0 
7f1b70cdc000-7f1b70cdd000 r--p 00000000 00:00 0 
7f1b70cdd000-7f1b70cdf000 rw-p 00000000 00:00 0 
7f1b70cdf000-7f1b70ce0000 r--p 00020000 08:01 267482                     /lib/x86_64-linux-gnu/ld-2.19.so
7f1b70ce0000-7f1b70ce1000 rw-p 00021000 08:01 267482                     /lib/x86_64-linux-gnu/ld-2.19.so
7f1b70ce1000-7f1b70ce2000 rw-p 00000000 00:00 0 
7ffc9d96c000-7ffc9d98d000 rw-p 00000000 00:00 0                          [stack]
7ffc9d9a1000-7ffc9d9a3000 r-xp 00000000 00:00 0                          [vdso]
7ffc9d9a3000-7ffc9d9a5000 r--p 00000000 00:00 0                          [vvar]
ffffffffff600000-ffffffffff601000 r-xp 00000000 00:00 0                  [vsyscall]

VM Arguments:
jvm_args: -Xms10g -Xmx10g 
java_command: entry.Main_1_18 -owl /home/melhadramy/Documents/projet-anaEE-France/Coby-Plus/SI/ontology/ontology.owl -obda ../work-tmp/obda_tmp/mapping.obda -out /home/melhadramy/Documents/projet-anaEE-France/Coby-Plus/SI/RECORD/output/02_ontop/ontopGen.ttl -q SELECT ?S ?P ?O { ?S ?P ?O }  -ttl - -pageSize 200000 - -f 1000000 -flushCount 500000
java_class_path (initial): ../libs/Ontop-Materializer.jar
Launcher Type: SUN_STANDARD

Environment Variables:
JAVA_HOME=/usr/lib/jvm/java-8-oracle
PATH=/usr/local/bin:/usr/bin:/bin:/usr/local/games:/usr/games:/usr/lib/jvm/java-8-oracle/bin:/usr/lib/jvm/java-8-oracle/db/bin:/usr/lib/jvm/java-8-oracle/jre/bin
SHELL=/bin/bash

Signal Handlers:
SIGSEGV: [libjvm.so+0xac78c0], sa_mask[0]=11111111011111111101111111111110, sa_flags=SA_RESTART|SA_SIGINFO
SIGBUS: [libjvm.so+0xac78c0], sa_mask[0]=11111111011111111101111111111110, sa_flags=SA_RESTART|SA_SIGINFO
SIGFPE: [libjvm.so+0x920ac0], sa_mask[0]=11111111011111111101111111111110, sa_flags=SA_RESTART|SA_SIGINFO
SIGPIPE: [libjvm.so+0x920ac0], sa_mask[0]=11111111011111111101111111111110, sa_flags=SA_RESTART|SA_SIGINFO
SIGXFSZ: [libjvm.so+0x920ac0], sa_mask[0]=11111111011111111101111111111110, sa_flags=SA_RESTART|SA_SIGINFO
SIGILL: [libjvm.so+0x920ac0], sa_mask[0]=11111111011111111101111111111110, sa_flags=SA_RESTART|SA_SIGINFO
SIGUSR1: SIG_DFL, sa_mask[0]=00000000000000000000000000000000, sa_flags=none
SIGUSR2: [libjvm.so+0x922300], sa_mask[0]=00000000000000000000000000000000, sa_flags=SA_RESTART|SA_SIGINFO
SIGHUP: SIG_DFL, sa_mask[0]=00000000000000000000000000000000, sa_flags=none
SIGINT: SIG_DFL, sa_mask[0]=00000000000000000000000000000000, sa_flags=none
SIGTERM: SIG_DFL, sa_mask[0]=00000000000000000000000000000000, sa_flags=none
SIGQUIT: SIG_DFL, sa_mask[0]=00000000000000000000000000000000, sa_flags=none


---------------  S Y S T E M  ---------------

OS:PRETTY_NAME="Debian GNU/Linux 8 (jessie)"
NAME="Debian GNU/Linux"
VERSION_ID="8"
VERSION="8 (jessie)"
ID=debian
HOME_URL="http://www.debian.org/"
SUPPORT_URL="http://www.debian.org/support"
BUG_REPORT_URL="https://bugs.debian.org/"

uname:Linux 3.16.0-4-amd64 #1 SMP Debian 3.16.39-1 (2016-12-30) x86_64
libc:glibc 2.19 NPTL 2.19 
rlimit: STACK 8192k, CORE 0k, NPROC 31957, NOFILE 65536, AS infinity
load average:0.00 0.00 0.00

/proc/meminfo:
MemTotal:        8197900 kB
MemFree:         4249700 kB
MemAvailable:    5183552 kB
Buffers:          151224 kB
Cached:          1002872 kB
SwapCached:          492 kB
Active:          2898584 kB
Inactive:         811272 kB
Active(anon):    2555684 kB
Inactive(anon):   137592 kB
Active(file):     342900 kB
Inactive(file):   673680 kB
Unevictable:           0 kB
Mlocked:               0 kB
SwapTotal:       1079292 kB
SwapFree:        1021804 kB
Dirty:                56 kB
Writeback:             0 kB
AnonPages:       2555180 kB
Mapped:            74552 kB
Shmem:            137516 kB
Slab:             187828 kB
SReclaimable:     170676 kB
SUnreclaim:        17152 kB
KernelStack:        2848 kB
PageTables:        15952 kB
NFS_Unstable:          0 kB
Bounce:                0 kB
WritebackTmp:          0 kB
CommitLimit:     5178240 kB
Committed_AS:    6671796 kB
VmallocTotal:   34359738367 kB
VmallocUsed:      158000 kB
VmallocChunk:   34359573528 kB
HardwareCorrupted:     0 kB
AnonHugePages:     38912 kB
HugePages_Total:       0
HugePages_Free:        0
HugePages_Rsvd:        0
HugePages_Surp:        0
Hugepagesize:       2048 kB
DirectMap4k:       49088 kB
DirectMap2M:     8339456 kB


CPU:total 2 (1 cores per cpu, 1 threads per core) family 6 model 45 stepping 7, cmov, cx8, fxsr, mmx, sse, sse2, sse3, ssse3, sse4.1, sse4.2, popcnt, avx, aes, clmul, tsc, tscinvbit, tscinv

/proc/cpuinfo:
processor	: 0
vendor_id	: GenuineIntel
cpu family	: 6
model		: 45
model name	: Intel(R) Xeon(R) CPU E5-2690 0 @ 2.90GHz
stepping	: 7
microcode	: 0x710
cpu MHz		: 2900.000
cache size	: 20480 KB
physical id	: 0
siblings	: 1
core id		: 0
cpu cores	: 1
apicid		: 0
initial apicid	: 0
fpu		: yes
fpu_exception	: yes
cpuid level	: 13
wp		: yes
flags		: fpu vme de pse tsc msr pae mce cx8 apic sep mtrr pge mca cmov pat pse36 clflush dts mmx fxsr sse sse2 ss syscall nx rdtscp lm constant_tsc arch_perfmon pebs bts nopl xtopology tsc_reliable nonstop_tsc aperfmperf pni pclmulqdq ssse3 cx16 sse4_1 sse4_2 popcnt aes xsave avx hypervisor lahf_lm ida arat pln pts dtherm
bogomips	: 5800.00
clflush size	: 64
cache_alignment	: 64
address sizes	: 40 bits physical, 48 bits virtual
power management:

processor	: 1
vendor_id	: GenuineIntel
cpu family	: 6
model		: 45
model name	: Intel(R) Xeon(R) CPU E5-2690 0 @ 2.90GHz
stepping	: 7
microcode	: 0x710
cpu MHz		: 2900.000
cache size	: 20480 KB
physical id	: 2
siblings	: 1
core id		: 0
cpu cores	: 1
apicid		: 2
initial apicid	: 2
fpu		: yes
fpu_exception	: yes
cpuid level	: 13
wp		: yes
flags		: fpu vme de pse tsc msr pae mce cx8 apic sep mtrr pge mca cmov pat pse36 clflush dts mmx fxsr sse sse2 ss syscall nx rdtscp lm constant_tsc arch_perfmon pebs bts nopl xtopology tsc_reliable nonstop_tsc aperfmperf pni pclmulqdq ssse3 cx16 sse4_1 sse4_2 popcnt aes xsave avx hypervisor lahf_lm ida arat pln pts dtherm
bogomips	: 5800.00
clflush size	: 64
cache_alignment	: 64
address sizes	: 40 bits physical, 48 bits virtual
power management:



Memory: 4k page, physical 8197900k(4249700k free), swap 1079292k(1021804k free)

vm_info: Java HotSpot(TM) 64-Bit Server VM (25.121-b13) for linux-amd64 JRE (1.8.0_121-b13), built on Dec 12 2016 16:36:53 by "java_re" with gcc 4.3.0 20080428 (Red Hat 4.3.0-8)

time: Tue Jun  6 09:56:11 2017
elapsed time: 0 seconds (0d 0h 0m 0s)

